<?xml version="1.0"?>
<testsuite failures="0" skipped="7" name="cucumber-js" time="0" tests="7">
  <testcase classname="Azure ML Workspace Management (TypeScript)" name="Access Azure ML Workspace" time="0">
    <skipped/>
    <system-out><![CDATA[Given I am a data scientist named "Javed"................................skipped
And I have activated my Data Scientist PIM role..........................skipped
Given I navigate to the Azure ML workspace...............................skipped
When I handle authentication if required.................................skipped
Then I should be able to access the workspace............................skipped
And the workspace should be available....................................skipped]]></system-out>
  </testcase>
  <testcase classname="Azure ML Workspace Management (TypeScript)" name="Start Compute Instance" time="0">
    <skipped/>
    <system-out><![CDATA[Given I am a data scientist named "Javed"................................skipped
And I have activated my Data Scientist PIM role..........................skipped
Given I have access to the Azure ML workspace............................skipped
And I navigate to the compute section....................................skipped
When I start a compute instance named "test-compute".....................skipped
Then the compute instance should be in "Running" status..................skipped
And the compute instance should be connectable...........................skipped]]></system-out>
  </testcase>
  <testcase classname="Azure ML Workspace Management (TypeScript)" name="Stop Compute Instance" time="0">
    <skipped/>
    <system-out><![CDATA[Given I am a data scientist named "Javed"................................skipped
And I have activated my Data Scientist PIM role..........................skipped
Given I have access to the Azure ML workspace............................skipped
And I navigate to the compute section....................................skipped
And I ensure compute instance "test-compute" is running..................skipped
When I stop the compute instance "test-compute"..........................skipped
Then the compute instance should be in "Stopped" status..................skipped]]></system-out>
  </testcase>
  <testcase classname="Azure ML Workspace Management (TypeScript)" name="Manage Multiple Compute Instances" time="0">
    <skipped/>
    <system-out><![CDATA[Given I am a data scientist named "Javed"................................skipped
And I have activated my Data Scientist PIM role..........................skipped
Given I have access to the Azure ML workspace............................skipped
And I navigate to the compute section....................................skipped
When I start multiple compute instances:.................................skipped
Then all compute instances should be in "Running" status.................skipped
When I stop all compute instances........................................skipped
Then all compute instances should be in "Stopped" status.................skipped]]></system-out>
  </testcase>
  <testcase classname="Azure ML Workspace Management (TypeScript)" name="Azure ML Workspace with VS Code Desktop Integration" time="0">
    <skipped/>
    <system-out><![CDATA[Given I am a data scientist named "Javed"................................skipped
And I have activated my Data Scientist PIM role..........................skipped
Given I navigate to Azure ML workspaces portal...........................skipped
When I handle login for user "Javed Khan"................................skipped
And I select workspace "CTO-workspace"...................................skipped
And I choose compute option..............................................skipped
And I open compute instance "com-jk".....................................skipped
And I start compute if not running.......................................skipped
Then application links should be enabled.................................skipped
When I start VS Code Desktop.............................................skipped
Then VS Code Desktop should be interactive and responsive................skipped]]></system-out>
  </testcase>
  <testcase classname="Google Search Functionality (TypeScript)" name="Search for Marshall headphones on Google" time="0">
    <skipped/>
    <system-out><![CDATA[Given I navigate to Google homepage......................................skipped
When I accept cookies if present.........................................skipped
And I search for "marshall headphones"...................................skipped
Then I should see search results.........................................skipped
And the results should contain "marshall"................................skipped
And at least one search result should be visible.........................skipped]]></system-out>
  </testcase>
  <testcase classname="Google Search Functionality (TypeScript)" name="Search and click on first Marshall result" time="0">
    <skipped/>
    <system-out><![CDATA[Given I navigate to Google homepage......................................skipped
When I accept cookies if present.........................................skipped
And I search for "marshall headphones"...................................skipped
And I click on the first Marshall-related result.........................skipped
Then I should be navigated to a Marshall-related page....................skipped
And the page should contain Marshall information.........................skipped]]></system-out>
  </testcase>
</testsuite>